2014-05-17 19:42:03.718 Foreverchat[16131:70b] Multi-tasking -> Device: YES, App: YES
2014-05-17 19:42:03.725 Foreverchat[16131:70b] Unlimited access to network resources
2014-05-17 19:42:03.877 Foreverchat[16131:70b] Resetting plugins due to page load.
2014-05-17 19:42:05.341 Foreverchat[16131:70b] Finished load of: file:///Users/tam/Library/Application%20Support/iPhone%20Simulator/7.1/Applications/9A69D577-BCE9-4360-91DD-2C525E5F1037/Foreverchat.app/www/index.html
2014-05-17 19:52:29.482 Foreverchat[17139:70b] Multi-tasking -> Device: YES, App: YES
2014-05-17 19:52:29.489 Foreverchat[17139:70b] Unlimited access to network resources
2014-05-17 19:52:29.537 Foreverchat[17139:70b] Resetting plugins due to page load.
2014-05-17 19:52:30.696 Foreverchat[17139:70b] Finished load of: file:///Users/tam/Library/Application%20Support/iPhone%20Simulator/7.1/Applications/9A69D577-BCE9-4360-91DD-2C525E5F1037/Foreverchat.app/www/index.html
2014-05-17 19:53:17.414 Foreverchat[17456:70b] Multi-tasking -> Device: YES, App: YES
2014-05-17 19:53:17.420 Foreverchat[17456:70b] Unlimited access to network resources
2014-05-17 19:53:17.474 Foreverchat[17456:70b] Resetting plugins due to page load.
2014-05-17 19:53:18.619 Foreverchat[17456:70b] Finished load of: file:///Users/tam/Library/Application%20Support/iPhone%20Simulator/7.1/Applications/9A69D577-BCE9-4360-91DD-2C525E5F1037/Foreverchat.app/www/index.html
2014-05-17 19:56:43.715 Foreverchat[17841:70b] Multi-tasking -> Device: YES, App: YES
2014-05-17 19:56:43.724 Foreverchat[17841:70b] Unlimited access to network resources
2014-05-17 19:56:43.782 Foreverchat[17841:70b] Resetting plugins due to page load.
2014-05-17 19:56:44.954 Foreverchat[17841:70b] Finished load of: file:///Users/tam/Library/Application%20Support/iPhone%20Simulator/7.1/Applications/9A69D577-BCE9-4360-91DD-2C525E5F1037/Foreverchat.app/www/index.html
2014-05-17 20:23:26.526 Foreverchat[17841:70b] Unbalanced calls to begin/end appearance transitions for <_UIFallbackPresentationViewController: 0xa5a9ca0>.
2014-05-17 20:23:33.418 Foreverchat[18918:70b] Multi-tasking -> Device: YES, App: YES
2014-05-17 20:23:33.426 Foreverchat[18918:70b] Unlimited access to network resources
2014-05-17 20:23:33.493 Foreverchat[18918:70b] Resetting plugins due to page load.
2014-05-17 20:23:35.102 Foreverchat[18918:70b] Finished load of: file:///Users/tam/Library/Application%20Support/iPhone%20Simulator/7.1/Applications/9A69D577-BCE9-4360-91DD-2C525E5F1037/Foreverchat.app/www/index.html
